#
# A fatal error has been detected by the Java Runtime Environment:
#
#  EXCEPTION_ACCESS_VIOLATION (0xc0000005) at pc=0x000000001d4f1066, pid=668, tid=0x0000000000003038
#
# JRE version: Java(TM) SE Runtime Environment (8.0_201-b09) (build 1.8.0_201-b09)
# Java VM: Java HotSpot(TM) 64-Bit Server VM (25.201-b09 mixed mode windows-amd64 compressed oops)
# Problematic frame:
# C  [OpenAL64.dll+0x11066]
#
# Failed to write core dump. Minidumps are not enabled by default on client versions of Windows
#
# If you would like to submit a bug report, please visit:
#   http://bugreport.java.com/bugreport/crash.jsp
# The crash happened outside the Java Virtual Machine in native code.
# See problematic frame for where to report the bug.
#

---------------  T H R E A D  ---------------

Current thread (0x0000000003405800):  JavaThread "main" [_thread_in_native, id=12344, stack(0x0000000003300000,0x0000000003400000)]

siginfo: ExceptionCode=0xc0000005, reading address 0x000000001c72f004

Registers:
RAX=0x0000000000000004, RBX=0x00000000200b0090, RCX=0x000000001c72f008, RDX=0x000000001c72f004
RSP=0x00000000033fce10, RBP=0x00000000000000ff, RSI=0x000000001c72efbc, RDI=0x0000000000000000
R8 =0x0000000000000012, R9 =0x000000001c72efbc, R10=0x0000000003518c3b, R11=0x000000006e46cd40
R12=0x0000000000000001, R13=0x000000001d43f828, R14=0x00000000033fcfb0, R15=0x0000000003405800
RIP=0x000000001d4f1066, EFLAGS=0x0000000000010202

Top of Stack: (sp=0x00000000033fce10)
0x00000000033fce10:   0000000000000000 0000000019b8e260
0x00000000033fce20:   00000000031f7a00 0000000003405800
0x00000000033fce30:   000000001d43f828 0000000000000000
0x00000000033fce40:   0000000003405800 00000000031f7a00
0x00000000033fce50:   000000001d43f828 00000000033fcfb0
0x00000000033fce60:   00000000031f87e0 000000006e2fc486
0x00000000033fce70:   00000000033fd748 0000000003405d70
0x00000000033fce80:   0000000003405800 00000000033fcfb0
0x00000000033fce90:   000000001d43f828 0000000000000000
0x00000000033fcea0:   000000001c72efbc 0000000000000248
0x00000000033fceb0:   00000000033fcf78 000000001d4f248f
0x00000000033fcec0:   00000000200b0090 00000000200b0090
0x00000000033fced0:   000000000000ac44 0000000000000004
0x00000000033fcee0:   0000000003507e70 0000000003518c67
0x00000000033fcef0:   000000001d43f828 0000000003507e70
0x00000000033fcf00:   0000000003507e70 00000000035189ab 

Instructions: (pc=0x000000001d4f1066)
0x000000001d4f1046:   41 2b ec 81 3a 03 00 02 00 75 09 8b 01 89 84 24
0x000000001d4f1056:   c8 00 00 00 49 83 c0 02 48 83 c1 08 4a 8d 14 86
0x000000001d4f1066:   39 3a 75 af 4c 8d 84 24 c0 00 00 00 48 8d 15 d7
0x000000001d4f1076:   2b 03 00 33 c9 e8 58 5f 00 00 b8 40 1f 00 00 4c 


Register to memory mapping:

RAX=0x0000000000000004 is an unknown value
RBX=0x00000000200b0090 is an unknown value
RCX=0x000000001c72f008 is an unknown value
RDX=0x000000001c72f004 is an unknown value
RSP=0x00000000033fce10 is pointing into the stack for thread: 0x0000000003405800
RBP=0x00000000000000ff is an unknown value
RSI=0x000000001c72efbc is an unknown value
RDI=0x0000000000000000 is an unknown value
R8 =0x0000000000000012 is an unknown value
R9 =0x000000001c72efbc is an unknown value
R10=0x0000000003518c3b is at code_begin+891 in an Interpreter codelet
method entry point (kind = native)  [0x00000000035188c0, 0x0000000003519280]  2496 bytes
R11=0x000000006e46cd40 is an unknown value
R12=0x0000000000000001 is an unknown value
R13={method} {0x000000001d43f830} 'nalcCreateContext' '(JJ)J' in 'org/lwjgl/openal/ALC10'
R14=0x00000000033fcfb0 is pointing into the stack for thread: 0x0000000003405800
R15=0x0000000003405800 is a thread


Stack: [0x0000000003300000,0x0000000003400000],  sp=0x00000000033fce10,  free space=1011k
Native frames: (J=compiled Java code, j=interpreted, Vv=VM code, C=native code)
C  [OpenAL64.dll+0x11066]
C  [OpenAL64.dll+0x1248f]
C  0x0000000003518c67

Java frames: (J=compiled Java code, j=interpreted, Vv=VM code)
j  org.lwjgl.openal.ALC10.nalcCreateContext(JJ)J+0
j  org.lwjgl.openal.ALC10.alcCreateContext(Lorg/lwjgl/openal/ALCdevice;Ljava/nio/IntBuffer;)Lorg/lwjgl/openal/ALCcontext;+8
j  org.lwjgl.openal.AL.init(Ljava/lang/String;IIZZ)V+69
j  org.lwjgl.openal.AL.create(Ljava/lang/String;IIZZ)V+246
j  org.lwjgl.openal.AL.create(Ljava/lang/String;IIZ)V+5
j  org.lwjgl.openal.AL.create()V+6
j  com.badlogic.gdx.backends.lwjgl.audio.OpenALAudio.<init>(III)V+114
j  com.badlogic.gdx.backends.lwjgl.LwjglApplication.<init>(Lcom/badlogic/gdx/ApplicationListener;Lcom/badlogic/gdx/backends/lwjgl/LwjglApplicationConfiguration;Lcom/badlogic/gdx/backends/lwjgl/LwjglGraphics;)V+120
j  com.badlogic.gdx.backends.lwjgl.LwjglApplication.<init>(Lcom/badlogic/gdx/ApplicationListener;Lcom/badlogic/gdx/backends/lwjgl/LwjglApplicationConfiguration;)V+11
j  org.uqbar.project.wollok.game.gameboard.WollokGDXApplication.<init>(Lorg/uqbar/project/wollok/game/gameboard/Gameboard;Ljava/lang/Boolean;)V+17
j  org.uqbar.project.wollok.game.helpers.Application.start(Lorg/uqbar/project/wollok/game/gameboard/Gameboard;Ljava/lang/Boolean;)V+5
j  org.uqbar.project.wollok.game.gameboard.Gameboard.start(Ljava/lang/Boolean;)V+13
j  wollok.game.GameObject.doStart(Ljava/lang/Boolean;)V+5
v  ~StubRoutines::call_stub
J 2761  sun.reflect.NativeMethodAccessorImpl.invoke0(Ljava/lang/reflect/Method;Ljava/lang/Object;[Ljava/lang/Object;)Ljava/lang/Object; (0 bytes) @ 0x0000000003de0f3f [0x0000000003de0ec0+0x7f]
J 2760 C1 sun.reflect.NativeMethodAccessorImpl.invoke(Ljava/lang/Object;[Ljava/lang/Object;)Ljava/lang/Object; (104 bytes) @ 0x0000000003de16c4 [0x0000000003de1320+0x3a4]
J 2378 C1 sun.reflect.DelegatingMethodAccessorImpl.invoke(Ljava/lang/Object;[Ljava/lang/Object;)Ljava/lang/Object; (10 bytes) @ 0x0000000003cfd004 [0x0000000003cfcf00+0x104]
J 2345 C1 java.lang.reflect.Method.invoke(Ljava/lang/Object;[Ljava/lang/Object;)Ljava/lang/Object; (62 bytes) @ 0x0000000003cea12c [0x0000000003ce9d40+0x3ec]
j  org.uqbar.project.wollok.ui.utils.XTendUtilExtensions.invokeConvertingArgs(Ljava/lang/reflect/Method;Ljava/lang/Object;[Ljava/lang/Object;)Lorg/uqbar/project/wollok/interpreter/core/WollokObject;+265
j  org.uqbar.project.wollok.interpreter.AbstractWollokCallable._invokeNative(Ljava/lang/Object;Ljava/lang/String;[Lorg/uqbar/project/wollok/interpreter/core/WollokObject;)Lorg/uqbar/project/wollok/interpreter/core/WollokObject;+42
j  org.uqbar.project.wollok.interpreter.AbstractWollokCallable.invokeNative(Ljava/lang/Object;Ljava/lang/String;[Lorg/uqbar/project/wollok/interpreter/core/WollokObject;)Lorg/uqbar/project/wollok/interpreter/core/WollokObject;+26
j  org.uqbar.project.wollok.interpreter.AbstractWollokCallable$1.apply()Lorg/uqbar/project/wollok/interpreter/core/WollokObject;+55
j  org.uqbar.project.wollok.interpreter.AbstractWollokCallable$1.apply()Ljava/lang/Object;+1
j  org.uqbar.project.wollok.interpreter.threads.WThread.performOnStack(Lorg/eclipse/emf/ecore/EObject;Lorg/uqbar/project/wollok/interpreter/context/EvaluationContext;Lorg/eclipse/xtext/xbase/lib/Functions$Function0;)Lorg/uqbar/project/wollok/interpreter/core/WollokObject;+29
j  org.uqbar.project.wollok.interpreter.WollokInterpreter.performOnStack(Lorg/eclipse/emf/ecore/EObject;Lorg/uqbar/project/wollok/interpreter/context/EvaluationContext;Lorg/eclipse/xtext/xbase/lib/Functions$Function0;)Lorg/uqbar/project/wollok/interpreter/core/WollokObject;+7
j  org.uqbar.project.wollok.interpreter.AbstractWollokCallable.call(Lorg/uqbar/project/wollok/wollokDsl/WMethodDeclaration;[Lorg/uqbar/project/wollok/interpreter/core/WollokObject;)Lorg/uqbar/project/wollok/interpreter/core/WollokObject;+38
j  org.uqbar.project.wollok.interpreter.core.WollokObject.call(Ljava/lang/String;[Lorg/uqbar/project/wollok/interpreter/core/WollokObject;)Lorg/uqbar/project/wollok/interpreter/core/WollokObject;+55
j  org.uqbar.project.wollok.interpreter.WollokInterpreterEvaluator._evaluate(Lorg/uqbar/project/wollok/wollokDsl/WFeatureCall;)Lorg/uqbar/project/wollok/interpreter/core/WollokObject;+119
j  org.uqbar.project.wollok.launch.WollokLauncherInterpreterEvaluator.evaluate(Lorg/eclipse/emf/ecore/EObject;)Lorg/uqbar/project/wollok/interpreter/core/WollokObject;+412
j  org.uqbar.project.wollok.interpreter.WollokInterpreterEvaluator.evaluate(Lorg/eclipse/emf/ecore/EObject;)Ljava/lang/Object;+2
j  org.uqbar.project.wollok.interpreter.WollokInterpreter.eval(Lorg/eclipse/emf/ecore/EObject;)Lorg/uqbar/project/wollok/interpreter/core/WollokObject;+63
j  org.uqbar.project.wollok.interpreter.WollokInterpreterEvaluator.eval(Lorg/eclipse/emf/ecore/EObject;)Lorg/uqbar/project/wollok/interpreter/core/WollokObject;+5
j  org.uqbar.project.wollok.interpreter.WollokInterpreterEvaluator$1.apply(Lorg/uqbar/project/wollok/interpreter/core/WollokObject;Lorg/eclipse/emf/ecore/EObject;)Lorg/uqbar/project/wollok/interpreter/core/WollokObject;+5
j  org.uqbar.project.wollok.interpreter.WollokInterpreterEvaluator$1.apply(Ljava/lang/Object;Ljava/lang/Object;)Ljava/lang/Object;+9
j  org.eclipse.xtext.xbase.lib.IteratorExtensions.fold(Ljava/util/Iterator;Ljava/lang/Object;Lorg/eclipse/xtext/xbase/lib/Functions$Function2;)Ljava/lang/Object;+19
j  org.eclipse.xtext.xbase.lib.IterableExtensions.fold(Ljava/lang/Iterable;Ljava/lang/Object;Lorg/eclipse/xtext/xbase/lib/Functions$Function2;)Ljava/lang/Object;+8
j  org.uqbar.project.wollok.interpreter.WollokInterpreterEvaluator.evalAll(Ljava/lang/Iterable;)Lorg/uqbar/project/wollok/interpreter/core/WollokObject;+12
j  org.uqbar.project.wollok.interpreter.WollokInterpreterEvaluator._evaluate(Lorg/uqbar/project/wollok/wollokDsl/WBlockExpression;)Lorg/uqbar/project/wollok/interpreter/core/WollokObject;+34
j  org.uqbar.project.wollok.launch.WollokLauncherInterpreterEvaluator.evaluate(Lorg/eclipse/emf/ecore/EObject;)Lorg/uqbar/project/wollok/interpreter/core/WollokObject;+76
j  org.uqbar.project.wollok.interpreter.WollokInterpreterEvaluator.evaluate(Lorg/eclipse/emf/ecore/EObject;)Ljava/lang/Object;+2
j  org.uqbar.project.wollok.interpreter.WollokInterpreter.eval(Lorg/eclipse/emf/ecore/EObject;)Lorg/uqbar/project/wollok/interpreter/core/WollokObject;+63
j  org.uqbar.project.wollok.interpreter.AbstractWollokCallable.eval(Lorg/eclipse/emf/ecore/EObject;)Lorg/uqbar/project/wollok/interpreter/core/WollokObject;+5
j  org.uqbar.project.wollok.interpreter.AbstractWollokCallable$1.apply()Lorg/uqbar/project/wollok/interpreter/core/WollokObject;+110
j  org.uqbar.project.wollok.interpreter.AbstractWollokCallable$1.apply()Ljava/lang/Object;+1
j  org.uqbar.project.wollok.interpreter.threads.WThread.performOnStack(Lorg/eclipse/emf/ecore/EObject;Lorg/uqbar/project/wollok/interpreter/context/EvaluationContext;Lorg/eclipse/xtext/xbase/lib/Functions$Function0;)Lorg/uqbar/project/wollok/interpreter/core/WollokObject;+29
j  org.uqbar.project.wollok.interpreter.WollokInterpreter.performOnStack(Lorg/eclipse/emf/ecore/EObject;Lorg/uqbar/project/wollok/interpreter/context/EvaluationContext;Lorg/eclipse/xtext/xbase/lib/Functions$Function0;)Lorg/uqbar/project/wollok/interpreter/core/WollokObject;+7
j  org.uqbar.project.wollok.interpreter.AbstractWollokCallable.call(Lorg/uqbar/project/wollok/wollokDsl/WMethodDeclaration;[Lorg/uqbar/project/wollok/interpreter/core/WollokObject;)Lorg/uqbar/project/wollok/interpreter/core/WollokObject;+38
j  org.uqbar.project.wollok.interpreter.core.WollokObject.call(Ljava/lang/String;[Lorg/uqbar/project/wollok/interpreter/core/WollokObject;)Lorg/uqbar/project/wollok/interpreter/core/WollokObject;+55
j  org.uqbar.project.wollok.interpreter.WollokInterpreterEvaluator._evaluate(Lorg/uqbar/project/wollok/wollokDsl/WFeatureCall;)Lorg/uqbar/project/wollok/interpreter/core/WollokObject;+119
j  org.uqbar.project.wollok.launch.WollokLauncherInterpreterEvaluator.evaluate(Lorg/eclipse/emf/ecore/EObject;)Lorg/uqbar/project/wollok/interpreter/core/WollokObject;+412
j  org.uqbar.project.wollok.interpreter.WollokInterpreterEvaluator.evaluate(Lorg/eclipse/emf/ecore/EObject;)Ljava/lang/Object;+2
j  org.uqbar.project.wollok.interpreter.WollokInterpreter.eval(Lorg/eclipse/emf/ecore/EObject;)Lorg/uqbar/project/wollok/interpreter/core/WollokObject;+63
j  org.uqbar.project.wollok.interpreter.WollokInterpreterEvaluator.eval(Lorg/eclipse/emf/ecore/EObject;)Lorg/uqbar/project/wollok/interpreter/core/WollokObject;+5
j  org.uqbar.project.wollok.interpreter.WollokInterpreterEvaluator$1.apply(Lorg/uqbar/project/wollok/interpreter/core/WollokObject;Lorg/eclipse/emf/ecore/EObject;)Lorg/uqbar/project/wollok/interpreter/core/WollokObject;+5
j  org.uqbar.project.wollok.interpreter.WollokInterpreterEvaluator$1.apply(Ljava/lang/Object;Ljava/lang/Object;)Ljava/lang/Object;+9
j  org.eclipse.xtext.xbase.lib.IteratorExtensions.fold(Ljava/util/Iterator;Ljava/lang/Object;Lorg/eclipse/xtext/xbase/lib/Functions$Function2;)Ljava/lang/Object;+19
j  org.eclipse.xtext.xbase.lib.IterableExtensions.fold(Ljava/lang/Iterable;Ljava/lang/Object;Lorg/eclipse/xtext/xbase/lib/Functions$Function2;)Ljava/lang/Object;+8
j  org.uqbar.project.wollok.interpreter.WollokInterpreterEvaluator.evalAll(Ljava/lang/Iterable;)Lorg/uqbar/project/wollok/interpreter/core/WollokObject;+12
j  org.uqbar.project.wollok.interpreter.WollokInterpreterEvaluator._evaluate(Lorg/uqbar/project/wollok/wollokDsl/WProgram;)Lorg/uqbar/project/wollok/interpreter/core/WollokObject;+18
j  org.uqbar.project.wollok.launch.WollokLauncherInterpreterEvaluator.evaluate(Lorg/eclipse/emf/ecore/EObject;)Lorg/uqbar/project/wollok/interpreter/core/WollokObject;+444
j  org.uqbar.project.wollok.interpreter.WollokInterpreterEvaluator.evaluate(Lorg/eclipse/emf/ecore/EObject;)Ljava/lang/Object;+2
j  org.uqbar.project.wollok.interpreter.WollokInterpreter.eval(Lorg/eclipse/emf/ecore/EObject;)Lorg/uqbar/project/wollok/interpreter/core/WollokObject;+63
j  org.uqbar.project.wollok.interpreter.WollokInterpreterEvaluator.eval(Lorg/eclipse/emf/ecore/EObject;)Lorg/uqbar/project/wollok/interpreter/core/WollokObject;+5
j  org.uqbar.project.wollok.launch.WollokLauncherInterpreterEvaluator._evaluate(Lorg/uqbar/project/wollok/wollokDsl/WFile;)Lorg/uqbar/project/wollok/interpreter/core/WollokObject;+32
j  org.uqbar.project.wollok.launch.WollokLauncherInterpreterEvaluator.evaluate(Lorg/eclipse/emf/ecore/EObject;)Lorg/uqbar/project/wollok/interpreter/core/WollokObject;+428
j  org.uqbar.project.wollok.interpreter.WollokInterpreterEvaluator.evaluate(Lorg/eclipse/emf/ecore/EObject;)Ljava/lang/Object;+2
j  org.uqbar.project.wollok.interpreter.WollokInterpreter.interpret(Lorg/eclipse/emf/ecore/EObject;Ljava/lang/Boolean;)Lorg/uqbar/project/wollok/interpreter/core/WollokObject;+25
j  org.uqbar.project.wollok.interpreter.WollokInterpreter.interpret(Lorg/eclipse/emf/ecore/EObject;)Lorg/uqbar/project/wollok/interpreter/core/WollokObject;+8
j  org.uqbar.project.wollok.launch.WollokLauncher.doSomething(Lorg/uqbar/project/wollok/wollokDsl/WFile;Lcom/google/inject/Injector;Ljava/io/File;Lorg/uqbar/project/wollok/launch/WollokLauncherParameters;)V+57
j  org.uqbar.project.wollok.launch.WollokChecker.launch(Ljava/lang/String;Lorg/uqbar/project/wollok/launch/WollokLauncherParameters;)V+31
j  org.uqbar.project.wollok.launch.WollokChecker.doMain([Ljava/lang/String;)V+201
j  org.uqbar.project.wollok.launch.WollokLauncher.main([Ljava/lang/String;)V+8
v  ~StubRoutines::call_stub

---------------  P R O C E S S  ---------------

Java Threads: ( => current thread )
  0x000000001a9ef000 JavaThread "com.google.inject.internal.util.$Finalizer" daemon [_thread_blocked, id=11596, stack(0x000000001ba80000,0x000000001bb80000)]
  0x000000001a4db000 JavaThread "EMF Reference Cleaner" daemon [_thread_blocked, id=12284, stack(0x000000001b780000,0x000000001b880000)]
  0x00000000199d8800 JavaThread "Service Thread" daemon [_thread_blocked, id=4300, stack(0x0000000019db0000,0x0000000019eb0000)]
  0x000000001803f000 JavaThread "C1 CompilerThread2" daemon [_thread_blocked, id=11176, stack(0x00000000198b0000,0x00000000199b0000)]
  0x0000000018036000 JavaThread "C2 CompilerThread1" daemon [_thread_blocked, id=680, stack(0x00000000197b0000,0x00000000198b0000)]
  0x0000000018033000 JavaThread "C2 CompilerThread0" daemon [_thread_blocked, id=2544, stack(0x00000000196b0000,0x00000000197b0000)]
  0x0000000018031800 JavaThread "Attach Listener" daemon [_thread_blocked, id=11236, stack(0x00000000195b0000,0x00000000196b0000)]
  0x0000000018031000 JavaThread "Signal Dispatcher" daemon [_thread_blocked, id=6468, stack(0x00000000194b0000,0x00000000195b0000)]
  0x0000000018020000 JavaThread "Finalizer" daemon [_thread_blocked, id=10976, stack(0x00000000192a0000,0x00000000193a0000)]
  0x00000000034f6800 JavaThread "Reference Handler" daemon [_thread_blocked, id=13596, stack(0x00000000191a0000,0x00000000192a0000)]
=>0x0000000003405800 JavaThread "main" [_thread_in_native, id=12344, stack(0x0000000003300000,0x0000000003400000)]

Other Threads:
  0x0000000017ff7800 VMThread [stack: 0x00000000190a0000,0x00000000191a0000] [id=8612]
  0x0000000019a03800 WatcherThread [stack: 0x0000000019eb0000,0x0000000019fb0000] [id=3316]

VM state:not at safepoint (normal execution)

VM Mutex/Monitor currently owned by a thread: None

heap address: 0x0000000081c00000, size: 2020 MB, Compressed Oops mode: 32-bit
Narrow klass base: 0x0000000000000000, Narrow klass shift: 3
Compressed class space size: 1073741824 Address: 0x0000000100000000

Heap:
 PSYoungGen      total 71680K, used 56728K [0x00000000d5f00000, 0x00000000deb00000, 0x0000000100000000)
  eden space 66560K, 77% used [0x00000000d5f00000,0x00000000d9168190,0x00000000da000000)
  from space 5120K, 99% used [0x00000000da000000,0x00000000da4fe020,0x00000000da500000)
  to   space 5120K, 0% used [0x00000000de600000,0x00000000de600000,0x00000000deb00000)
 ParOldGen       total 87552K, used 18827K [0x0000000081c00000, 0x0000000087180000, 0x00000000d5f00000)
  object space 87552K, 21% used [0x0000000081c00000,0x0000000082e62e90,0x0000000087180000)
 Metaspace       used 20537K, capacity 20788K, committed 20992K, reserved 1067008K
  class space    used 2647K, capacity 2712K, committed 2816K, reserved 1048576K

Card table byte_map: [0x00000000128c0000,0x0000000012cc0000] byte_map_base: 0x00000000124b2000

Marking Bits: (ParMarkBitMap*) 0x000000006ea64ce0
 Begin Bits: [0x0000000013370000, 0x0000000015300000)
 End Bits:   [0x0000000015300000, 0x0000000017290000)

Polling page: 0x0000000001670000

CodeCache: size=245760Kb used=9870Kb max_used=9935Kb free=235889Kb
 bounds [0x0000000003500000, 0x0000000003ec0000, 0x0000000012500000]
 total_blobs=3458 nmethods=3034 adapters=334
 compilation: enabled

Compilation events (10 events):
Event: 2.119 Thread 0x000000001803f000 3039       3       java.nio.DirectByteBuffer::put (18 bytes)
Event: 2.119 Thread 0x000000001803f000 nmethod 3039 0x0000000003e793d0 code [0x0000000003e79540, 0x0000000003e797b0]
Event: 2.119 Thread 0x000000001803f000 3040       3       java.nio.DirectByteBuffer::ix (10 bytes)
Event: 2.119 Thread 0x000000001803f000 nmethod 3040 0x0000000003e798d0 code [0x0000000003e79a20, 0x0000000003e79b70]
Event: 2.120 Thread 0x000000001803f000 3042       3       java.nio.DirectByteBuffer::put (18 bytes)
Event: 2.120 Thread 0x000000001803f000 nmethod 3042 0x0000000003e79bd0 code [0x0000000003e79d40, 0x0000000003e79fb0]
Event: 2.120 Thread 0x000000001803f000 3043       1       java.nio.DirectByteBuffer::ix (10 bytes)
Event: 2.120 Thread 0x000000001803f000 nmethod 3043 0x0000000003e7a0d0 code [0x0000000003e7a220, 0x0000000003e7a330]
Event: 2.141 Thread 0x0000000018033000 3044       4       java.lang.ref.Finalizer::register (10 bytes)
Event: 2.143 Thread 0x0000000018033000 nmethod 3044 0x0000000003e7df10 code [0x0000000003e7e080, 0x0000000003e7e3f8]

GC Heap History (6 events):
Event: 0.386 GC heap before
{Heap before GC invocations=1 (full 0):
 PSYoungGen      total 38400K, used 33280K [0x00000000d5f00000, 0x00000000d8980000, 0x0000000100000000)
  eden space 33280K, 100% used [0x00000000d5f00000,0x00000000d7f80000,0x00000000d7f80000)
  from space 5120K, 0% used [0x00000000d8480000,0x00000000d8480000,0x00000000d8980000)
  to   space 5120K, 0% used [0x00000000d7f80000,0x00000000d7f80000,0x00000000d8480000)
 ParOldGen       total 87552K, used 0K [0x0000000081c00000, 0x0000000087180000, 0x00000000d5f00000)
  object space 87552K, 0% used [0x0000000081c00000,0x0000000081c00000,0x0000000087180000)
 Metaspace       used 5595K, capacity 5724K, committed 5888K, reserved 1056768K
  class space    used 637K, capacity 692K, committed 768K, reserved 1048576K
Event: 0.394 GC heap after
Heap after GC invocations=1 (full 0):
 PSYoungGen      total 38400K, used 5111K [0x00000000d5f00000, 0x00000000daa00000, 0x0000000100000000)
  eden space 33280K, 0% used [0x00000000d5f00000,0x00000000d5f00000,0x00000000d7f80000)
  from space 5120K, 99% used [0x00000000d7f80000,0x00000000d847dce8,0x00000000d8480000)
  to   space 5120K, 0% used [0x00000000da500000,0x00000000da500000,0x00000000daa00000)
 ParOldGen       total 87552K, used 1079K [0x0000000081c00000, 0x0000000087180000, 0x00000000d5f00000)
  object space 87552K, 1% used [0x0000000081c00000,0x0000000081d0ded0,0x0000000087180000)
 Metaspace       used 5595K, capacity 5724K, committed 5888K, reserved 1056768K
  class space    used 637K, capacity 692K, committed 768K, reserved 1048576K
}
Event: 0.694 GC heap before
{Heap before GC invocations=2 (full 0):
 PSYoungGen      total 38400K, used 38391K [0x00000000d5f00000, 0x00000000daa00000, 0x0000000100000000)
  eden space 33280K, 100% used [0x00000000d5f00000,0x00000000d7f80000,0x00000000d7f80000)
  from space 5120K, 99% used [0x00000000d7f80000,0x00000000d847dce8,0x00000000d8480000)
  to   space 5120K, 0% used [0x00000000da500000,0x00000000da500000,0x00000000daa00000)
 ParOldGen       total 87552K, used 1079K [0x0000000081c00000, 0x0000000087180000, 0x00000000d5f00000)
  object space 87552K, 1% used [0x0000000081c00000,0x0000000081d0ded0,0x0000000087180000)
 Metaspace       used 9235K, capacity 9346K, committed 9472K, reserved 1056768K
  class space    used 1143K, capacity 1173K, committed 1280K, reserved 1048576K
Event: 0.701 GC heap after
Heap after GC invocations=2 (full 0):
 PSYoungGen      total 71680K, used 5090K [0x00000000d5f00000, 0x00000000daa00000, 0x0000000100000000)
  eden space 66560K, 0% used [0x00000000d5f00000,0x00000000d5f00000,0x00000000da000000)
  from space 5120K, 99% used [0x00000000da500000,0x00000000da9f8b18,0x00000000daa00000)
  to   space 5120K, 0% used [0x00000000da000000,0x00000000da000000,0x00000000da500000)
 ParOldGen       total 87552K, used 6641K [0x0000000081c00000, 0x0000000087180000, 0x00000000d5f00000)
  object space 87552K, 7% used [0x0000000081c00000,0x000000008227c508,0x0000000087180000)
 Metaspace       used 9235K, capacity 9346K, committed 9472K, reserved 1056768K
  class space    used 1143K, capacity 1173K, committed 1280K, reserved 1048576K
}
Event: 1.386 GC heap before
{Heap before GC invocations=3 (full 0):
 PSYoungGen      total 71680K, used 71650K [0x00000000d5f00000, 0x00000000daa00000, 0x0000000100000000)
  eden space 66560K, 100% used [0x00000000d5f00000,0x00000000da000000,0x00000000da000000)
  from space 5120K, 99% used [0x00000000da500000,0x00000000da9f8b18,0x00000000daa00000)
  to   space 5120K, 0% used [0x00000000da000000,0x00000000da000000,0x00000000da500000)
 ParOldGen       total 87552K, used 6641K [0x0000000081c00000, 0x0000000087180000, 0x00000000d5f00000)
  object space 87552K, 7% used [0x0000000081c00000,0x000000008227c508,0x0000000087180000)
 Metaspace       used 16321K, capacity 16452K, committed 16640K, reserved 1062912K
  class space    used 2173K, capacity 2208K, committed 2304K, reserved 1048576K
Event: 1.399 GC heap after
Heap after GC invocations=3 (full 0):
 PSYoungGen      total 71680K, used 5112K [0x00000000d5f00000, 0x00000000deb00000, 0x0000000100000000)
  eden space 66560K, 0% used [0x00000000d5f00000,0x00000000d5f00000,0x00000000da000000)
  from space 5120K, 99% used [0x00000000da000000,0x00000000da4fe020,0x00000000da500000)
  to   space 5120K, 0% used [0x00000000de600000,0x00000000de600000,0x00000000deb00000)
 ParOldGen       total 87552K, used 18827K [0x0000000081c00000, 0x0000000087180000, 0x00000000d5f00000)
  object space 87552K, 21% used [0x0000000081c00000,0x0000000082e62e90,0x0000000087180000)
 Metaspace       used 16321K, capacity 16452K, committed 16640K, reserved 1062912K
  class space    used 2173K, capacity 2208K, committed 2304K, reserved 1048576K
}

Deoptimization events (10 events):
Event: 1.634 Thread 0x0000000003405800 Uncommon trap: reason=bimorphic action=maybe_recompile pc=0x0000000003b24998 method=org.eclipse.emf.common.util.AbstractTreeIterator.next()Ljava/lang/Object; @ 153
Event: 1.634 Thread 0x0000000003405800 Uncommon trap: reason=bimorphic action=maybe_recompile pc=0x0000000003b24998 method=org.eclipse.emf.common.util.AbstractTreeIterator.next()Ljava/lang/Object; @ 153
Event: 1.634 Thread 0x0000000003405800 Uncommon trap: reason=bimorphic action=maybe_recompile pc=0x0000000003b24998 method=org.eclipse.emf.common.util.AbstractTreeIterator.next()Ljava/lang/Object; @ 153
Event: 1.688 Thread 0x0000000003405800 Uncommon trap: reason=null_check action=make_not_entrant pc=0x0000000003d40880 method=org.eclipse.xtext.util.OnChangeEvictingCache.getOrCreate(Lorg/eclipse/emf/ecore/resource/Resource;)Lorg/eclipse/xtext/util/OnChangeEvictingCache$CacheAdapter; @ 11
Event: 1.794 Thread 0x0000000003405800 Uncommon trap: reason=bimorphic action=maybe_recompile pc=0x0000000003a82144 method=org.eclipse.emf.common.util.AbstractEList$EIterator.next()Ljava/lang/Object; @ 1
Event: 1.796 Thread 0x0000000003405800 Uncommon trap: reason=bimorphic action=maybe_recompile pc=0x0000000003a82144 method=org.eclipse.emf.common.util.AbstractEList$EIterator.next()Ljava/lang/Object; @ 1
Event: 1.796 Thread 0x0000000003405800 Uncommon trap: reason=bimorphic action=maybe_recompile pc=0x0000000003a82144 method=org.eclipse.emf.common.util.AbstractEList$EIterator.next()Ljava/lang/Object; @ 1
Event: 1.796 Thread 0x0000000003405800 Uncommon trap: reason=bimorphic action=maybe_recompile pc=0x0000000003a82144 method=org.eclipse.emf.common.util.AbstractEList$EIterator.next()Ljava/lang/Object; @ 1
Event: 1.855 Thread 0x0000000003405800 Uncommon trap: reason=unstable_if action=reinterpret pc=0x00000000036d0b84 method=java.lang.ThreadLocal$ThreadLocalMap.getEntry(Ljava/lang/ThreadLocal;)Ljava/lang/ThreadLocal$ThreadLocalMap$Entry; @ 29
Event: 1.874 Thread 0x0000000003405800 Uncommon trap: reason=unstable_if action=reinterpret pc=0x0000000003a1308c method=java.util.concurrent.ConcurrentHashMap.putVal(Ljava/lang/Object;Ljava/lang/Object;Z)Ljava/lang/Object; @ 181

Classes redefined (0 events):
No events

Internal exceptions (10 events):
Event: 1.683 Thread 0x0000000003405800 Exception <a 'java/io/FileNotFoundException'> (0x00000000d70088a8) thrown at [C:\re\workspace\8-2-build-windows-amd64-cygwin\jdk8u201\12322\hotspot\src\share\vm\prims\jni.cpp, line 709]
Event: 1.690 Thread 0x0000000003405800 Exception <a 'java/io/FileNotFoundException'> (0x00000000d7062358) thrown at [C:\re\workspace\8-2-build-windows-amd64-cygwin\jdk8u201\12322\hotspot\src\share\vm\prims\jni.cpp, line 709]
Event: 1.693 Thread 0x0000000003405800 Exception <a 'java/io/FileNotFoundException'> (0x00000000d706c1d0) thrown at [C:\re\workspace\8-2-build-windows-amd64-cygwin\jdk8u201\12322\hotspot\src\share\vm\prims\jni.cpp, line 709]
Event: 1.699 Thread 0x0000000003405800 Exception <a 'java/io/FileNotFoundException'> (0x00000000d70ff550) thrown at [C:\re\workspace\8-2-build-windows-amd64-cygwin\jdk8u201\12322\hotspot\src\share\vm\prims\jni.cpp, line 709]
Event: 2.124 Thread 0x0000000003405800 Exception <a 'java/security/PrivilegedActionException'> (0x00000000d8ffdaa0) thrown at [C:\re\workspace\8-2-build-windows-amd64-cygwin\jdk8u201\12322\hotspot\src\share\vm\prims\jvm.cpp, line 1502]
Event: 2.124 Thread 0x0000000003405800 Exception <a 'java/security/PrivilegedActionException'> (0x00000000d8ffefd0) thrown at [C:\re\workspace\8-2-build-windows-amd64-cygwin\jdk8u201\12322\hotspot\src\share\vm\prims\jvm.cpp, line 1502]
Event: 2.124 Thread 0x0000000003405800 Exception <a 'java/security/PrivilegedActionException'> (0x00000000d9000400) thrown at [C:\re\workspace\8-2-build-windows-amd64-cygwin\jdk8u201\12322\hotspot\src\share\vm\prims\jvm.cpp, line 1502]
Event: 2.124 Thread 0x0000000003405800 Exception <a 'java/security/PrivilegedActionException'> (0x00000000d9001ac0) thrown at [C:\re\workspace\8-2-build-windows-amd64-cygwin\jdk8u201\12322\hotspot\src\share\vm\prims\jvm.cpp, line 1502]
Event: 2.124 Thread 0x0000000003405800 Exception <a 'java/security/PrivilegedActionException'> (0x00000000d9002eb8) thrown at [C:\re\workspace\8-2-build-windows-amd64-cygwin\jdk8u201\12322\hotspot\src\share\vm\prims\jvm.cpp, line 1502]
Event: 2.124 Thread 0x0000000003405800 Exception <a 'java/security/PrivilegedActionException'> (0x00000000d9004280) thrown at [C:\re\workspace\8-2-build-windows-amd64-cygwin\jdk8u201\12322\hotspot\src\share\vm\prims\jvm.cpp, line 1502]

Events (10 events):
Event: 2.140 loading class org/lwjgl/openal/ALCdevice
Event: 2.140 loading class org/lwjgl/openal/ALCdevice done
Event: 2.141 loading class org/lwjgl/openal/ALCcontext
Event: 2.141 loading class org/lwjgl/openal/ALCcontext done
Event: 2.141 loading class java/nio/DirectIntBufferU
Event: 2.141 loading class java/nio/DirectIntBufferU done
Event: 2.141 loading class org/lwjgl/openal/Util
Event: 2.141 loading class org/lwjgl/openal/Util done
Event: 2.142 loading class org/lwjgl/openal/OpenALException
Event: 2.142 loading class org/lwjgl/openal/OpenALException done


Dynamic libraries:
0x00007ff712620000 - 0x00007ff712657000 	C:\Program Files\Java\jre1.8.0_201\bin\javaw.exe
0x00007ffb56790000 - 0x00007ffb56971000 	C:\WINDOWS\SYSTEM32\ntdll.dll
0x00007ffb565a0000 - 0x00007ffb56651000 	C:\WINDOWS\System32\KERNEL32.DLL
0x00007ffb53270000 - 0x00007ffb534e3000 	C:\WINDOWS\System32\KERNELBASE.dll
0x00007ffb54960000 - 0x00007ffb54a01000 	C:\WINDOWS\System32\ADVAPI32.dll
0x00007ffb56310000 - 0x00007ffb563ae000 	C:\WINDOWS\System32\msvcrt.dll
0x00007ffb54900000 - 0x00007ffb5495b000 	C:\WINDOWS\System32\sechost.dll
0x00007ffb54510000 - 0x00007ffb54634000 	C:\WINDOWS\System32\RPCRT4.dll
0x00007ffb56410000 - 0x00007ffb565a0000 	C:\WINDOWS\System32\USER32.dll
0x00007ffb53c00000 - 0x00007ffb53c20000 	C:\WINDOWS\System32\win32u.dll
0x00007ffb544e0000 - 0x00007ffb54508000 	C:\WINDOWS\System32\GDI32.dll
0x00007ffb52c60000 - 0x00007ffb52df2000 	C:\WINDOWS\System32\gdi32full.dll
0x00007ffb52f30000 - 0x00007ffb52fcf000 	C:\WINDOWS\System32\msvcp_win.dll
0x00007ffb52b60000 - 0x00007ffb52c58000 	C:\WINDOWS\System32\ucrtbase.dll
0x00007ffb47d20000 - 0x00007ffb47f89000 	C:\WINDOWS\WinSxS\amd64_microsoft.windows.common-controls_6595b64144ccf1df_6.0.17134.765_none_fb42a1a930655896\COMCTL32.dll
0x00007ffb55fe0000 - 0x00007ffb56302000 	C:\WINDOWS\System32\combase.dll
0x00007ffb52e60000 - 0x00007ffb52eda000 	C:\WINDOWS\System32\bcryptPrimitives.dll
0x00007ffb53d30000 - 0x00007ffb53d5d000 	C:\WINDOWS\System32\IMM32.DLL
0x000000006f8f0000 - 0x000000006f9c1000 	C:\Program Files\Java\jre1.8.0_201\bin\msvcr100.dll
0x000000006e240000 - 0x000000006eae4000 	C:\Program Files\Java\jre1.8.0_201\bin\server\jvm.dll
0x00007ffb544d0000 - 0x00007ffb544d8000 	C:\WINDOWS\System32\PSAPI.DLL
0x00007ffb4cd00000 - 0x00007ffb4cd09000 	C:\WINDOWS\SYSTEM32\WSOCK32.dll
0x00007ffb3e200000 - 0x00007ffb3e223000 	C:\WINDOWS\SYSTEM32\WINMM.dll
0x00007ffb4f950000 - 0x00007ffb4f95a000 	C:\WINDOWS\SYSTEM32\VERSION.dll
0x00007ffb54710000 - 0x00007ffb5477c000 	C:\WINDOWS\System32\WS2_32.dll
0x00007ffb3e1a0000 - 0x00007ffb3e1ca000 	C:\WINDOWS\SYSTEM32\WINMMBASE.dll
0x00007ffb52ee0000 - 0x00007ffb52f29000 	C:\WINDOWS\System32\cfgmgr32.dll
0x00007ffb4f490000 - 0x00007ffb4f49f000 	C:\Program Files\Java\jre1.8.0_201\bin\verify.dll
0x00007ffb313e0000 - 0x00007ffb31409000 	C:\Program Files\Java\jre1.8.0_201\bin\java.dll
0x00007ffb1d3e0000 - 0x00007ffb1d3f6000 	C:\Program Files\Java\jre1.8.0_201\bin\zip.dll
0x00007ffb54a10000 - 0x00007ffb55e50000 	C:\WINDOWS\System32\SHELL32.dll
0x00007ffb53c80000 - 0x00007ffb53d29000 	C:\WINDOWS\System32\shcore.dll
0x00007ffb534f0000 - 0x00007ffb53bfd000 	C:\WINDOWS\System32\windows.storage.dll
0x00007ffb56700000 - 0x00007ffb56751000 	C:\WINDOWS\System32\shlwapi.dll
0x00007ffb52ac0000 - 0x00007ffb52ad1000 	C:\WINDOWS\System32\kernel.appcore.dll
0x00007ffb52b40000 - 0x00007ffb52b5f000 	C:\WINDOWS\System32\profapi.dll
0x00007ffb52ae0000 - 0x00007ffb52b2c000 	C:\WINDOWS\System32\powrprof.dll
0x00007ffb52b30000 - 0x00007ffb52b3a000 	C:\WINDOWS\System32\FLTLIB.DLL
0x0000000065580000 - 0x0000000065616000 	C:\Users\Dibujo\AppData\Local\Temp\libgdxDibujo\12dfaa03\gdx64.dll
0x00007ffb52470000 - 0x00007ffb52487000 	C:\WINDOWS\SYSTEM32\CRYPTSP.dll
0x00007ffb51ea0000 - 0x00007ffb51ed3000 	C:\WINDOWS\system32\rsaenh.dll
0x00007ffb525a0000 - 0x00007ffb525c5000 	C:\WINDOWS\SYSTEM32\bcrypt.dll
0x00007ffb529d0000 - 0x00007ffb529f8000 	C:\WINDOWS\SYSTEM32\USERENV.dll
0x00007ffb52490000 - 0x00007ffb5249b000 	C:\WINDOWS\SYSTEM32\CRYPTBASE.dll
0x00007ffb1d320000 - 0x00007ffb1d33a000 	C:\Program Files\Java\jre1.8.0_201\bin\net.dll
0x00007ffb4cb20000 - 0x00007ffb4cce8000 	C:\WINDOWS\SYSTEM32\urlmon.dll
0x00007ffb48d50000 - 0x00007ffb48ff7000 	C:\WINDOWS\SYSTEM32\iertutil.dll
0x00007ffb522c0000 - 0x00007ffb52326000 	C:\WINDOWS\system32\mswsock.dll
0x00007ffb52040000 - 0x00007ffb52078000 	C:\WINDOWS\SYSTEM32\IPHLPAPI.DLL
0x00007ffb55fb0000 - 0x00007ffb55fb8000 	C:\WINDOWS\System32\NSI.dll
0x00007ffb4da30000 - 0x00007ffb4da46000 	C:\WINDOWS\SYSTEM32\dhcpcsvc6.DLL
0x00007ffb4dc60000 - 0x00007ffb4dc7a000 	C:\WINDOWS\SYSTEM32\dhcpcsvc.DLL
0x00007ffb1d130000 - 0x00007ffb1d141000 	C:\Program Files\Java\jre1.8.0_201\bin\nio.dll
0x0000000180000000 - 0x0000000180053000 	C:\Users\Dibujo\AppData\Local\Temp\libgdxDibujo\dc0f0009\lwjgl64.dll
0x00007ffb3a5d0000 - 0x00007ffb3a6f0000 	C:\WINDOWS\SYSTEM32\OPENGL32.dll
0x00007ffb41eb0000 - 0x00007ffb41edc000 	C:\WINDOWS\SYSTEM32\GLU32.dll
0x000000001d4e0000 - 0x000000001d544000 	C:\Users\Dibujo\AppData\Local\Temp\libgdxDibujo\dc0f0009\OpenAL64.dll
0x00007ffb55e50000 - 0x00007ffb55fa1000 	C:\WINDOWS\System32\ole32.dll
0x00007ffb51170000 - 0x00007ffb51208000 	C:\WINDOWS\system32\uxtheme.dll
0x00007ffb56660000 - 0x00007ffb56700000 	C:\WINDOWS\System32\clbcatq.dll
0x00007ffb4e760000 - 0x00007ffb4e914000 	C:\WINDOWS\System32\PROPSYS.dll
0x00007ffb54640000 - 0x00007ffb54702000 	C:\WINDOWS\System32\OLEAUT32.dll
0x00007ffb1ca10000 - 0x00007ffb1ca9f000 	C:\WINDOWS\SYSTEM32\dsound.dll
0x00007ffb4e940000 - 0x00007ffb4e9b6000 	C:\WINDOWS\System32\MMDevApi.dll
0x00007ffb52870000 - 0x00007ffb52897000 	C:\WINDOWS\System32\DEVOBJ.dll
0x00007ffb2abb0000 - 0x00007ffb2acdc000 	C:\WINDOWS\SYSTEM32\AUDIOSES.DLL
0x00007ffb4c9c0000 - 0x00007ffb4cb0d000 	C:\WINDOWS\SYSTEM32\wintypes.dll
0x00007ffb46090000 - 0x00007ffb4609a000 	C:\WINDOWS\SYSTEM32\AVRT.dll
0x00007ffb4e2c0000 - 0x00007ffb4e489000 	C:\WINDOWS\SYSTEM32\dbghelp.dll

VM Arguments:
jvm_args: -Duser.language=es_AR -Dfile.encoding=UTF-8 
java_command: org.uqbar.project.wollok.launch.WollokLauncher -requestsPort 0 -eventsPort 0 -folder -wf src/farmville.wpgm
java_class_path (initial): C:\Users\Dibujo\git\2019s1-granjavilla-gustavososa92\bin;C:\Users\Dibujo\Desktop\bkp\Wollok\plugins\com.ibm.icu_56.1.0.v201601250100.jar;C:\Users\Dibujo\Desktop\bkp\Wollok\plugins\org.eclipse.xtext_2.11.0.v20170130-0808.jar;C:\Users\Dibujo\Desktop\bkp\Wollok\plugins\org.eclipse.emf.ecore.xmi_2.12.0.v20160420-0247.jar;C:\Users\Dibujo\Desktop\bkp\Wollok\plugins\org.eclipse.emf.ecore_2.12.0.v20160420-0247.jar;C:\Users\Dibujo\Desktop\bkp\Wollok\plugins\org.eclipse.emf.common_2.12.0.v20160420-0247.jar;C:\Users\Dibujo\Desktop\bkp\Wollok\plugins\org.antlr.runtime_3.2.0.v201101311130.jar;C:\Users\Dibujo\Desktop\bkp\Wollok\plugins\com.google.inject_3.0.0.v201605172100.jar;C:\Users\Dibujo\Desktop\bkp\Wollok\plugins\org.eclipse.emf.mwe.core_1.4.0.jar;C:\Users\Dibujo\Desktop\bkp\Wollok\plugins\org.apache.commons.cli_1.2.0.v201404270220.jar;C:\Users\Dibujo\Desktop\bkp\Wollok\plugins\org.eclipse.emf.mwe2.runtime_2.10.0.jar;C:\Users\Dibujo\Desktop\bkp\Wollok\plugins\org.eclipse.emf.mwe.utils_1.4.0.jar;C:\Users\Dibujo\Desktop\bkp\Wollok\plugins\org.eclipse.xtext.util_2.11.0.v20170130-0808.jar;C:\Users\Dibujo\Desktop\bkp\Wollok\plugins\com.google.guava_15.0.0.v201403281430.jar;C:\Users\Dibujo\Desktop\bkp\Wollok\plugins\javax.inject_1.0.0.v20091030.jar;C:\Users\Dibujo\Desktop\bkp\Wollok\plugins\org.eclipse.xtext.generator_2.11.0.v20170131-1210.jar;C:\Users\Dibujo\Desktop\bkp\Wollok\plugins\org.eclipse.xtext.xtext.generator_2.11.0.v20170130-0808.jar;C:\Users\Dibujo\Desktop\bkp\Wollok\plugins\org.eclipse.xtext.xbase.lib_2.11.0.v20170124-1424.jar;C:\Users\Dibujo\Desktop\bkp\Wollok\plugins\org.eclipse.emf.codegen.ecore_2.12.0.v20160526-0356.jar;C:\Users\Dibujo\Desktop\bkp\Wollok\plugins\org.eclipse.emf.codegen_2.11.0.v20160526-0356.jar;C:\Users\Dibujo\Desktop\bkp\Wollok\plugins\org.eclipse.xtend_2.2.0.v201605260315.jar;C:\Users\Dibujo\Desktop\bkp\Wollok\plugins\org.eclipse.xpand_2.2.0.v201605260315.jar;C:\Users\Dibujo\Desktop\bkp\Wollok\plugins\org.eclipse.xt
Launcher Type: SUN_STANDARD

Environment Variables:
JAVA_HOME=C:\Program Files\Java\jdk1.8.0_201
JRE_HOME=C:\Program Files\Java\jre1.8.0_201\bin
PATH=C:/Program Files/Java/jre1.8.0_201/bin/server;C:/Program Files/Java/jre1.8.0_201/bin;C:/Program Files/Java/jre1.8.0_201/lib/amd64;C:\Program Files (x86)\Common Files\Oracle\Java\javapath;C:\WINDOWS\system32;C:\WINDOWS;C:\WINDOWS\System32\Wbem;C:\WINDOWS\System32\WindowsPowerShell\v1.0\;C:\WINDOWS\System32\OpenSSH\;C:\Program Files\Java\jdk1.8.0_201\bin;C:\Program Files\Java\jdk1.8.0_201\bin;C:\Users\Dibujo\AppData\Local\Programs\Python\Python37-32\Scripts\;C:\Users\Dibujo\AppData\Local\Programs\Python\Python37-32\;C:\Users\Dibujo\AppData\Local\Microsoft\WindowsApps;;C:\Users\Dibujo\Desktop\bkp\Wollok;
USERNAME=Dibujo
OS=Windows_NT
PROCESSOR_IDENTIFIER=Intel64 Family 6 Model 158 Stepping 9, GenuineIntel



---------------  S Y S T E M  ---------------

OS: Windows 10.0 , 64 bit Build 17134 (10.0.17134.753)

CPU:total 4 (initial active 4) (4 cores per cpu, 1 threads per core) family 6 model 158 stepping 9, cmov, cx8, fxsr, mmx, sse, sse2, sse3, ssse3, sse4.1, sse4.2, popcnt, avx, avx2, aes, clmul, erms, 3dnowpref, lzcnt, tsc, tscinvbit, bmi1, bmi2, adx

Memory: 4k page, physical 8272816k(2835760k free), swap 10280636k(1915472k free)

vm_info: Java HotSpot(TM) 64-Bit Server VM (25.201-b09) for windows-amd64 JRE (1.8.0_201-b09), built on Dec 15 2018 18:36:39 by "java_re" with MS VC++ 10.0 (VS2010)

time: Fri May 31 12:36:03 2019
timezone: Hora estándar de Argentina
elapsed time: 2 seconds (0d 0h 0m 2s)

